21:09:36.028 INFO [ActiveSessionFactory.apply] - Capabilities are: {
  "acceptInsecureCerts": true,
  "browserName": "MicrosoftEdge",
  "ms:edgeOptions": {
    "args": [
      "--lang=en",
      "--ignore-certificate-errors",
      "--use-fake-device-for-media-stream",
      "--use-fake-ui-for-media-stream"
    ],
    "prefs": {
      "intl.accept_languages": "en"
    }
  },
  "unhandledPromptBehavior": "ignore"
}


23:02:35.862 INFO [] - Capabilities are: {
	"acceptInsecureCerts": true,
	"browserName": "MicrosoftEdge",
	"ms:edgeOptions": {
	  "args": [
	    "--lang=ja",
        "--ignore-certificate-errors",
        "--use-fake-device-for-media-stream",
        "--use-fake-ui-for-media-stream",
        "--custom-basic-auth-configs=user:password@*.example.com,user:password@*.google.com",
        "--custom-hostname-configs=example.com:203.0.113.0,example1.com:203.0.113.0",
        "--custom-proxy-config=internal-proxy:33333"
	  ],
	  "prefs": {
	    "intl.accept_languages": "ja"
	  }
	},
	"unhandledPromptBehavior": "ignore"
}
